{
  "RSpec": {
    "coverage": {
      "/home/pjmaciel/Desktop/projects/desafio-dev-backend-jr/app/models/user.rb": {
        "lines": [
          1,
          null,
          null,
          1,
          null,
          null
        ]
      },
      "/home/pjmaciel/Desktop/projects/desafio-dev-backend-jr/app/models/application_record.rb": {
        "lines": [
          1,
          1,
          null
        ]
      },
      "/home/pjmaciel/Desktop/projects/desafio-dev-backend-jr/app/helpers/application_helper.rb": {
        "lines": [
          1,
          1,
          5,
          null,
          null
        ]
      },
      "/home/pjmaciel/Desktop/projects/desafio-dev-backend-jr/app/controllers/documents_controller.rb": {
        "lines": [
          1,
          1,
          3,
          null,
          null,
          1,
          1,
          null,
          null,
          1,
          7,
          7,
          4,
          4,
          null,
          3,
          null,
          null,
          null,
          1,
          3,
          3,
          null,
          3,
          2,
          null,
          1,
          1,
          null,
          null,
          null,
          null,
          null,
          1,
          null,
          1,
          7,
          null,
          null
        ]
      },
      "/home/pjmaciel/Desktop/projects/desafio-dev-backend-jr/app/controllers/application_controller.rb": {
        "lines": [
          1,
          1,
          null
        ]
      },
      "/home/pjmaciel/Desktop/projects/desafio-dev-backend-jr/app/controllers/reports_controller.rb": {
        "lines": [
          1,
          1,
          7,
          7,
          null,
          7,
          null,
          null,
          null,
          7,
          1,
          null,
          null,
          null,
          7,
          1,
          null,
          null,
          null,
          1,
          1,
          null,
          null,
          1,
          null,
          1,
          1,
          null,
          null,
          null,
          1,
          null,
          1,
          5,
          5,
          null,
          5,
          18,
          4,
          null,
          14,
          14,
          null,
          14,
          1,
          null,
          null,
          null,
          null,
          5,
          null,
          null,
          1,
          1,
          2,
          1,
          1,
          null,
          null,
          null
        ]
      },
      "/home/pjmaciel/Desktop/projects/desafio-dev-backend-jr/app/jobs/process_xml_job.rb": {
        "lines": [
          1,
          1,
          null,
          1,
          1,
          null,
          1,
          9,
          9,
          1,
          1,
          null,
          null,
          null,
          8,
          null,
          1,
          null,
          null,
          7,
          7,
          null,
          null,
          0,
          0,
          null,
          null,
          null,
          1,
          null,
          1,
          1,
          null,
          1,
          1,
          1,
          null,
          null,
          1,
          null,
          null,
          0,
          0,
          0,
          null,
          null,
          0,
          null,
          null,
          null,
          null,
          null,
          1,
          null,
          6,
          6,
          null,
          null,
          6,
          null,
          null,
          null,
          null,
          2,
          2,
          null,
          null,
          null,
          4,
          4,
          4,
          4,
          4,
          4,
          4,
          null,
          4,
          null,
          8,
          null,
          null,
          null,
          null,
          8,
          null,
          null,
          null,
          4,
          4,
          4,
          4,
          null,
          4,
          4,
          null,
          4,
          null,
          null,
          null,
          null,
          null,
          null,
          null,
          null,
          null,
          null,
          null,
          null,
          null,
          null,
          null,
          null,
          null,
          null,
          0,
          0,
          null,
          null,
          null
        ]
      },
      "/home/pjmaciel/Desktop/projects/desafio-dev-backend-jr/app/jobs/application_job.rb": {
        "lines": [
          1,
          null,
          null,
          null,
          null,
          null,
          null
        ]
      },
      "/home/pjmaciel/Desktop/projects/desafio-dev-backend-jr/app/models/document.rb": {
        "lines": [
          1,
          1,
          1,
          null,
          30,
          null,
          1,
          null,
          1,
          null,
          1,
          29,
          null,
          null,
          1,
          36,
          2,
          34,
          4,
          null,
          null,
          null
        ]
      },
      "/home/pjmaciel/Desktop/projects/desafio-dev-backend-jr/app/models/processed_document.rb": {
        "lines": [
          1,
          1,
          null,
          1,
          3,
          null,
          null,
          null
        ]
      },
      "/home/pjmaciel/Desktop/projects/desafio-dev-backend-jr/app/services/report_generator.rb": {
        "lines": [
          1,
          1,
          9,
          null,
          null,
          1,
          9,
          null,
          10,
          null,
          null,
          null,
          null,
          null,
          null,
          null,
          null,
          null,
          null,
          null,
          null,
          17,
          null,
          null,
          null,
          null,
          null,
          null,
          null,
          null,
          null,
          null,
          null,
          null,
          null,
          null,
          null,
          null,
          null,
          null,
          null,
          null,
          null
        ]
      },
      "/home/pjmaciel/Desktop/projects/desafio-dev-backend-jr/app/channels/application_cable/channel.rb": {
        "lines": [
          0,
          0,
          0,
          0
        ],
        "branches": {
        }
      },
      "/home/pjmaciel/Desktop/projects/desafio-dev-backend-jr/app/channels/application_cable/connection.rb": {
        "lines": [
          0,
          0,
          0,
          0
        ],
        "branches": {
        }
      },
      "/home/pjmaciel/Desktop/projects/desafio-dev-backend-jr/app/mailers/application_mailer.rb": {
        "lines": [
          0,
          0,
          0,
          0
        ],
        "branches": {
        }
      }
    },
    "timestamp": 1723952484
  }
}
